2024-11-07 10:48:59,027 - INFO - Starting performance test suite - 3 iterations
2024-11-07 10:48:59,027 - INFO - 
Iteration 1/3
2024-11-07 10:48:59,287 - INFO - Page load time: 0.26 seconds
2024-11-07 10:49:09,305 - INFO - Average FPS: 55.00
2024-11-07 10:49:11,310 - INFO - Memory usage: 57.23 MB
2024-11-07 10:49:11,319 - INFO - Network metrics captured successfully
2024-11-07 10:49:11,319 - INFO - 
Iteration 2/3
2024-11-07 10:49:11,387 - INFO - Page load time: 0.07 seconds
2024-11-07 10:49:21,404 - WARNING - No FPS data collected
2024-11-07 10:49:23,419 - INFO - Memory usage: 107.14 MB
2024-11-07 10:49:23,426 - INFO - Network metrics captured successfully
2024-11-07 10:49:23,426 - INFO - 
Iteration 3/3
2024-11-07 10:49:23,451 - INFO - Page load time: 0.02 seconds
2024-11-07 10:49:33,468 - WARNING - No FPS data collected
2024-11-07 10:49:35,490 - INFO - Memory usage: 54.31 MB
2024-11-07 10:49:35,506 - INFO - Network metrics captured successfully
2024-11-07 10:49:35,517 - INFO - Performance report generated successfully: performance_report_20241107_104935.json
